2009/10/19 11:20:14-I-Rechazado: P1-2-2004-14
2009/10/19 11:20:14-I-Mover: exitoso de ../data/P1-2-2009-10 a ../data/ok/P1-2-2009-10
2009/10/19 11:20:14-I-Recibido: P1-2-2009-10
2009/10/19 11:20:14-I-Mover: Duplicado de P1-2-2009-12 numero 1
2009/10/19 11:20:14-I-Rechazado: P1-2-2009-12
2009/10/19 11:20:14-I-Mover: exitoso de ../data/P2-5-1995-8 a ../data/nok/P2-5-1995-8
2009/10/19 11:20:14-I-Rechazado: P2-5-1995-8
2009/10/19 11:20:14-I-Mover: exitoso de ../data/P-5-2002-6 a ../data/ok/P-5-2002-6
2009/10/19 11:20:14-I-Recibido: P-5-2002-6
2009/10/19 11:20:14-I-Mover: exitoso de ../data/P-6-2006-11 a ../data/nok/P-6-2006-11
2009/10/19 11:20:15-I-Rechazado: P-6-2006-11
2009/10/19 11:20:16-I-Ciclo #2
2009/10/19 11:20:17-I-Ciclo #3
2009/10/19 11:20:18-I-Ciclo #4
2009/10/19 11:20:19-I-Ciclo #5
2009/10/19 11:20:20-I-Ciclo #6
2009/10/19 11:20:21-I-Ciclo #7
2009/10/19 11:20:22-I-Ciclo #8
2009/10/19 11:20:23-I-Ciclo #9
2009/10/19 11:20:24-I-Ciclo #10
2009/10/19 11:20:24-I-Cantidad maxima de ciclos alcanzada
