2009/10/25 04:18:29-I-Interprete iniciado
2009/10/25 04:18:29-I-Inicio de Interprete, Cantidad de Archivos: 13
2009/10/25 04:18:31-I-Mover: exitoso de ../data/ok/A-7-2009-9 a ../data/old/A-7-2009-9
2009/10/25 04:18:31-I-Registros de Input: 5. Registros  de Output: 5
2009/10/25 04:18:32-I-Mover: exitoso de ../data/ok/C-6-2008-11 a ../data/old/C-6-2008-11
2009/10/25 04:18:32-I-Registros de Input: 2. Registros  de Output: 2
2009/10/25 04:18:33-I-Mover: exitoso de ../data/ok/C-6-2008-12 a ../data/old/C-6-2008-12
2009/10/25 04:18:33-I-Registros de Input: 2. Registros  de Output: 2
2009/10/25 04:18:33-I-Mover: exitoso de ../data/ok/C-6-2008-2 a ../data/old/C-6-2008-2
2009/10/25 04:18:33-I-Registros de Input: 1. Registros  de Output: 1
2009/10/25 04:18:34-I-Mover: exitoso de ../data/ok/C-6-2008-3 a ../data/old/C-6-2008-3
2009/10/25 04:18:34-I-Registros de Input: 2. Registros  de Output: 2
2009/10/25 04:18:35-I-Mover: exitoso de ../data/ok/C-6-2008-4 a ../data/old/C-6-2008-4
2009/10/25 04:18:35-I-Registros de Input: 2. Registros  de Output: 2
2009/10/25 04:18:36-I-Mover: exitoso de ../data/ok/C-6-2009-2 a ../data/old/C-6-2009-2
2009/10/25 04:18:36-I-Registros de Input: 1. Registros  de Output: 1
2009/10/25 04:18:37-I-Mover: exitoso de ../data/ok/C-6-2009-3 a ../data/old/C-6-2009-3
2009/10/25 04:18:37-I-Registros de Input: 2. Registros  de Output: 2
2009/10/25 04:18:38-I-Mover: exitoso de ../data/ok/C-7-2008-10 a ../data/old/C-7-2008-10
2009/10/25 04:18:38-I-Registros de Input: 3. Registros  de Output: 3
2009/10/25 04:18:39-I-Mover: exitoso de ../data/ok/C-7-2008-11 a ../data/old/C-7-2008-11
2009/10/25 04:18:39-I-Registros de Input: 2. Registros  de Output: 1
2009/10/25 04:18:39-I-Mover: exitoso de ../data/ok/C-7-2008-12 a ../data/old/C-7-2008-12
2009/10/25 04:18:39-I-Registros de Input: 1. Registros  de Output: 1
2009/10/25 04:18:40-I-Mover: exitoso de ../data/ok/C-7-2008-2 a ../data/old/C-7-2008-2
2009/10/25 04:18:40-I-Registros de Input: 1. Registros  de Output: 1
2009/10/25 04:18:42-I-Mover: exitoso de ../data/ok/C-7-2009-9 a ../data/old/C-7-2009-9
2009/10/25 04:18:42-I-Registros de Input: 5. Registros  de Output: 5
2009/10/25 04:18:42-I-Fin de interprete
